    esfull(1)=yDMvec[fl97]*yDMvec[fl99];
    esfull(2)=G[22*DEN[mChi,mST]^4*gam[y99,FIVE,p2,y97]*p2.p2*sSS^3*
   FourPi^(-2)*I*mST^6*esfull(1) - 22*DEN[mChi,mST]^4*gam[y99,FIVE,p2,
   y97]*p2.p2*sSS^3*FourPi^(-2)*I*mChi^6*esfull(1) + 12*DEN[mChi,mST]^4
   *gam[y99,FIVE,p2,y97]*p2.p2*sSS^3*FourPi^(-2)*I*invepsilonbar*mST^6*
   esfull(1) - 12*DEN[mChi,mST]^4*gam[y99,FIVE,p2,y97]*p2.p2*sSS^3*
   FourPi^(-2)*I*invepsilonbar*mChi^6*esfull(1) - 12*DEN[mChi,mST]^4*
   gam[y99,FIVE,p2,y97]*Log[mST^2]*p2.p2*sSS^3*FourPi^(-2)*I*mST^6*
   esfull(1) + 12*DEN[mChi,mST]^4*gam[y99,FIVE,p2,y97]*Log[mChi^2]*
   p2.p2*sSS^3*FourPi^(-2)*I*mChi^6*esfull(1) - 22*DEN[mChi,mST]^4*gam[
   y99,p2,y97]*p2.p2*sSS^3*FourPi^(-2)*I*mST^6*esfull(1) + 22*DEN[mChi,
   mST]^4*gam[y99,p2,y97]*p2.p2*sSS^3*FourPi^(-2)*I*mChi^6*esfull(1) - 
   12*DEN[mChi,mST]^4*gam[y99,p2,y97]*p2.p2*sSS^3*FourPi^(-2)*I*
   invepsilonbar*mST^6*esfull(1) + 12*DEN[mChi,mST]^4*gam[y99,p2,y97]*
   p2.p2*sSS^3*FourPi^(-2)*I*invepsilonbar*mChi^6*esfull(1) + 12*DEN[
   mChi,mST]^4*gam[y99,p2,y97]*Log[mST^2]*p2.p2*sSS^3*FourPi^(-2)*I*
   mST^6*esfull(1) - 12*DEN[mChi,mST]^4*gam[y99,p2,y97]*Log[mChi^2]*
   p2.p2*sSS^3*FourPi^(-2)*I*mChi^6*esfull(1) + 36*DEN[mChi,mST]^3*gam[
   y99,FIVE,p2,y97]*p2.p2*sSS^3*FourPi^(-2)*I*mST^4*esfull(1) + 18*DEN[
   mChi,mST]^3*gam[y99,FIVE,p2,y97]*p2.p2*sSS^3*FourPi^(-2)*I*mChi^4*
   esfull(1) + 24*DEN[mChi,mST]^3*gam[y99,FIVE,p2,y97]*p2.p2*sSS^3*
   FourPi^(-2)*I*invepsilonbar*mST^4*esfull(1) + 12*DEN[mChi,mST]^3*
   gam[y99,FIVE,p2,y97]*p2.p2*sSS^3*FourPi^(-2)*I*invepsilonbar*mChi^4*
   esfull(1) - 24*DEN[mChi,mST]^3*gam[y99,FIVE,p2,y97]*Log[mST^2]*p2.p2
   *sSS^3*FourPi^(-2)*I*mST^4*esfull(1) - 12*DEN[mChi,mST]^3*gam[y99,
   FIVE,p2,y97]*Log[mChi^2]*p2.p2*sSS^3*FourPi^(-2)*I*mChi^4*esfull(1)
    - 36*DEN[mChi,mST]^3*gam[y99,p2,y97]*p2.p2*sSS^3*FourPi^(-2)*I*
   mST^4*esfull(1) - 18*DEN[mChi,mST]^3*gam[y99,p2,y97]*p2.p2*sSS^3*
   FourPi^(-2)*I*mChi^4*esfull(1) - 24*DEN[mChi,mST]^3*gam[y99,p2,y97]*
   p2.p2*sSS^3*FourPi^(-2)*I*invepsilonbar*mST^4*esfull(1) - 12*DEN[
   mChi,mST]^3*gam[y99,p2,y97]*p2.p2*sSS^3*FourPi^(-2)*I*invepsilonbar*
   mChi^4*esfull(1) + 24*DEN[mChi,mST]^3*gam[y99,p2,y97]*Log[mST^2]*
   p2.p2*sSS^3*FourPi^(-2)*I*mST^4*esfull(1) + 12*DEN[mChi,mST]^3*gam[
   y99,p2,y97]*Log[mChi^2]*p2.p2*sSS^3*FourPi^(-2)*I*mChi^4*esfull(1)
    + 9*DEN[mChi,mST]^2*gam[y99,FIVE,p2,y97]*sSS*FourPi^(-2)*I*mST^4*
   esfull(1) - 9*DEN[mChi,mST]^2*gam[y99,FIVE,p2,y97]*sSS*FourPi^(-2)*I
   *mChi^4*esfull(1) + 6*DEN[mChi,mST]^2*gam[y99,FIVE,p2,y97]*sSS*
   FourPi^(-2)*I*invepsilonbar*mST^4*esfull(1) - 6*DEN[mChi,mST]^2*gam[
   y99,FIVE,p2,y97]*sSS*FourPi^(-2)*I*invepsilonbar*mChi^4*esfull(1) + 
   12*DEN[mChi,mST]^2*gam[y99,FIVE,p2,y97]*p2.p2*sSS^3*FourPi^(-2)*I*
   mST^2*esfull(1) + 12*DEN[mChi,mST]^2*gam[y99,FIVE,p2,y97]*p2.p2*
   sSS^3*FourPi^(-2)*I*invepsilonbar*mST^2*esfull(1) - 6*DEN[mChi,mST]^
   2*gam[y99,FIVE,p2,y97]*Log[mST^2]*sSS*FourPi^(-2)*I*mST^4*esfull(1)
    - 12*DEN[mChi,mST]^2*gam[y99,FIVE,p2,y97]*Log[mST^2]*p2.p2*sSS^3*
   FourPi^(-2)*I*mST^2*esfull(1) + 6*DEN[mChi,mST]^2*gam[y99,FIVE,p2,
   y97]*Log[mChi^2]*sSS*FourPi^(-2)*I*mChi^4*esfull(1) - 9*DEN[mChi,mST
   ]^2*gam[y99,p2,y97]*sSS*FourPi^(-2)*I*mST^4*esfull(1) + 9*DEN[mChi,
   mST]^2*gam[y99,p2,y97]*sSS*FourPi^(-2)*I*mChi^4*esfull(1) - 6*DEN[
   mChi,mST]^2*gam[y99,p2,y97]*sSS*FourPi^(-2)*I*invepsilonbar*mST^4*
   esfull(1) + 6*DEN[mChi,mST]^2*gam[y99,p2,y97]*sSS*FourPi^(-2)*I*
   invepsilonbar*mChi^4*esfull(1) - 12*DEN[mChi,mST]^2*gam[y99,p2,y97]*
   p2.p2*sSS^3*FourPi^(-2)*I*mST^2*esfull(1) - 12*DEN[mChi,mST]^2*gam[
   y99,p2,y97]*p2.p2*sSS^3*FourPi^(-2)*I*invepsilonbar*mST^2*esfull(1)
    + 6*DEN[mChi,mST]^2*gam[y99,p2,y97]*Log[mST^2]*sSS*FourPi^(-2)*I*
   mST^4*esfull(1) + 12*DEN[mChi,mST]^2*gam[y99,p2,y97]*Log[mST^2]*
   p2.p2*sSS^3*FourPi^(-2)*I*mST^2*esfull(1) - 6*DEN[mChi,mST]^2*gam[
   y99,p2,y97]*Log[mChi^2]*sSS*FourPi^(-2)*I*mChi^4*esfull(1) + 12*DEN[
   mChi,mST]*gam[y99,FIVE,p2,y97]*sSS*FourPi^(-2)*I*mST^2*esfull(1) + 
   12*DEN[mChi,mST]*gam[y99,FIVE,p2,y97]*sSS*FourPi^(-2)*I*
   invepsilonbar*mST^2*esfull(1) - 12*DEN[mChi,mST]*gam[y99,FIVE,p2,y97
   ]*Log[mST^2]*sSS*FourPi^(-2)*I*mST^2*esfull(1) - 12*DEN[mChi,mST]*
   gam[y99,p2,y97]*sSS*FourPi^(-2)*I*mST^2*esfull(1) - 12*DEN[mChi,mST]
   *gam[y99,p2,y97]*sSS*FourPi^(-2)*I*invepsilonbar*mST^2*esfull(1) + 
   12*DEN[mChi,mST]*gam[y99,p2,y97]*Log[mST^2]*sSS*FourPi^(-2)*I*mST^2*
   esfull(1)];

