INFO - Contur version 3.0.x
INFO - See https://hepcedar.gitlab.io/contur-webpage/
Writing log to contur.log
INFO - Removing previous results /home/lessa/SMStoEFT/ANALYSIS/contur_run.db
INFO - Run Information 
Contur is running in /home/lessa/SMStoEFT 
on analysis objects in ['processFolders/formFactors_interference_500_400_pythia8_events_single.yoda'] 
Theory uncertainties assumed uncorrelated. 

INFO - Found 8 analysisobjects in processFolders/formFactors_interference_500_400_pythia8_events_single.yoda
INFO - Found 1 potentially valid histograms in processFolders/formFactors_interference_500_400_pythia8_events_single.yoda, with cross section -0.06227286 pb
DEBUG - Reading data from /home/lessa/SMStoEFT/rivet/share/Rivet/ATLAS_2022_I2037744.yoda.gz
DEBUG - AO TYPE IS Estimate1D
DEBUG - reading covariance matrix /REF/ATLAS_2022_I2037744/d04-x01-y01
DEBUG - Loading /REF/ATLAS_2022_I2037744/d03-x01-y01
DEBUG - AO TYPE IS Estimate1D
DEBUG - Loading /REF/ATLAS_2022_I2037744/d03-x01-y02
DEBUG - Building diagonal cov matrix for /REF/ATLAS_2022_I2037744/d03-x01-y02
DEBUG - AO TYPE IS Estimate1D
DEBUG - reading covariance matrix /REF/ATLAS_2022_I2037744/d07-x01-y01
DEBUG - Loading /REF/ATLAS_2022_I2037744/d06-x01-y01
DEBUG - AO TYPE IS Estimate1D
DEBUG - Loading /REF/ATLAS_2022_I2037744/d06-x01-y02
DEBUG - Building diagonal cov matrix for /REF/ATLAS_2022_I2037744/d06-x01-y02
DEBUG - AO TYPE IS Estimate1D
DEBUG - reading covariance matrix /REF/ATLAS_2022_I2037744/d10-x01-y01
DEBUG - Loading /REF/ATLAS_2022_I2037744/d09-x01-y01
DEBUG - AO TYPE IS Estimate1D
DEBUG - Loading /REF/ATLAS_2022_I2037744/d09-x01-y02
DEBUG - Building diagonal cov matrix for /REF/ATLAS_2022_I2037744/d09-x01-y02
DEBUG - AO TYPE IS Estimate1D
DEBUG - reading covariance matrix /REF/ATLAS_2022_I2037744/d13-x01-y01
DEBUG - Loading /REF/ATLAS_2022_I2037744/d12-x01-y01
DEBUG - AO TYPE IS Estimate1D
DEBUG - Loading /REF/ATLAS_2022_I2037744/d12-x01-y02
DEBUG - Building diagonal cov matrix for /REF/ATLAS_2022_I2037744/d12-x01-y02
DEBUG - Skipping Scatter3D /REF/ATLAS_2022_I2037744/d120-x01-y01
DEBUG - Skipping Scatter3D /REF/ATLAS_2022_I2037744/d121-x01-y01
DEBUG - Skipping Scatter3D /REF/ATLAS_2022_I2037744/d122-x01-y01
DEBUG - Skipping Scatter3D /REF/ATLAS_2022_I2037744/d123-x01-y01
DEBUG - Skipping Scatter3D /REF/ATLAS_2022_I2037744/d124-x01-y01
DEBUG - Skipping Scatter3D /REF/ATLAS_2022_I2037744/d125-x01-y01
DEBUG - Skipping Scatter3D /REF/ATLAS_2022_I2037744/d126-x01-y01
DEBUG - Skipping Scatter3D /REF/ATLAS_2022_I2037744/d127-x01-y01
DEBUG - Skipping Scatter3D /REF/ATLAS_2022_I2037744/d128-x01-y01
DEBUG - Skipping Scatter3D /REF/ATLAS_2022_I2037744/d129-x01-y01
DEBUG - AO TYPE IS Estimate1D
DEBUG - reading covariance matrix /REF/ATLAS_2022_I2037744/d16-x01-y01
DEBUG - Loading /REF/ATLAS_2022_I2037744/d15-x01-y01
DEBUG - AO TYPE IS Estimate1D
DEBUG - Loading /REF/ATLAS_2022_I2037744/d15-x01-y02
DEBUG - Building diagonal cov matrix for /REF/ATLAS_2022_I2037744/d15-x01-y02
DEBUG - Skipping Scatter3D /REF/ATLAS_2022_I2037744/d150-x01-y01
DEBUG - Skipping Scatter3D /REF/ATLAS_2022_I2037744/d151-x01-y01
DEBUG - Skipping Scatter3D /REF/ATLAS_2022_I2037744/d152-x01-y01
DEBUG - Skipping Scatter3D /REF/ATLAS_2022_I2037744/d153-x01-y01
DEBUG - Skipping Scatter3D /REF/ATLAS_2022_I2037744/d154-x01-y01
DEBUG - Skipping Scatter3D /REF/ATLAS_2022_I2037744/d155-x01-y01
DEBUG - Skipping Scatter3D /REF/ATLAS_2022_I2037744/d156-x01-y01
DEBUG - Skipping Scatter3D /REF/ATLAS_2022_I2037744/d157-x01-y01
DEBUG - Skipping Scatter3D /REF/ATLAS_2022_I2037744/d158-x01-y01
DEBUG - Skipping Scatter3D /REF/ATLAS_2022_I2037744/d159-x01-y01
DEBUG - AO TYPE IS Estimate1D
DEBUG - reading covariance matrix /REF/ATLAS_2022_I2037744/d19-x01-y01
DEBUG - Loading /REF/ATLAS_2022_I2037744/d18-x01-y01
DEBUG - AO TYPE IS Estimate1D
DEBUG - Loading /REF/ATLAS_2022_I2037744/d18-x01-y02
DEBUG - Building diagonal cov matrix for /REF/ATLAS_2022_I2037744/d18-x01-y02
DEBUG - Skipping Scatter3D /REF/ATLAS_2022_I2037744/d180-x01-y01
DEBUG - Skipping Scatter3D /REF/ATLAS_2022_I2037744/d181-x01-y01
DEBUG - Skipping Scatter3D /REF/ATLAS_2022_I2037744/d182-x01-y01
DEBUG - Skipping Scatter3D /REF/ATLAS_2022_I2037744/d183-x01-y01
DEBUG - Skipping Scatter3D /REF/ATLAS_2022_I2037744/d184-x01-y01
DEBUG - Skipping Scatter3D /REF/ATLAS_2022_I2037744/d185-x01-y01
DEBUG - Skipping Scatter3D /REF/ATLAS_2022_I2037744/d186-x01-y01
DEBUG - Skipping Scatter3D /REF/ATLAS_2022_I2037744/d187-x01-y01
DEBUG - Skipping Scatter3D /REF/ATLAS_2022_I2037744/d188-x01-y01
DEBUG - Skipping Scatter3D /REF/ATLAS_2022_I2037744/d189-x01-y01
DEBUG - AO TYPE IS Estimate1D
DEBUG - reading covariance matrix /REF/ATLAS_2022_I2037744/d22-x01-y01
DEBUG - Loading /REF/ATLAS_2022_I2037744/d21-x01-y01
DEBUG - AO TYPE IS Estimate1D
DEBUG - Loading /REF/ATLAS_2022_I2037744/d21-x01-y02
DEBUG - Building diagonal cov matrix for /REF/ATLAS_2022_I2037744/d21-x01-y02
DEBUG - Skipping Scatter3D /REF/ATLAS_2022_I2037744/d210-x01-y01
DEBUG - Skipping Scatter3D /REF/ATLAS_2022_I2037744/d211-x01-y01
DEBUG - Skipping Scatter3D /REF/ATLAS_2022_I2037744/d212-x01-y01
DEBUG - Skipping Scatter3D /REF/ATLAS_2022_I2037744/d213-x01-y01
DEBUG - Skipping Scatter3D /REF/ATLAS_2022_I2037744/d214-x01-y01
DEBUG - Skipping Scatter3D /REF/ATLAS_2022_I2037744/d215-x01-y01
DEBUG - Skipping Scatter3D /REF/ATLAS_2022_I2037744/d216-x01-y01
DEBUG - Skipping Scatter3D /REF/ATLAS_2022_I2037744/d217-x01-y01
DEBUG - Skipping Scatter3D /REF/ATLAS_2022_I2037744/d218-x01-y01
DEBUG - Skipping Scatter3D /REF/ATLAS_2022_I2037744/d219-x01-y01
DEBUG - Skipping Scatter3D /REF/ATLAS_2022_I2037744/d224-x01-y01
DEBUG - AO TYPE IS Estimate1D
DEBUG - reading covariance matrix /REF/ATLAS_2022_I2037744/d25-x01-y01
DEBUG - Loading /REF/ATLAS_2022_I2037744/d24-x01-y01
DEBUG - AO TYPE IS Estimate1D
DEBUG - Loading /REF/ATLAS_2022_I2037744/d24-x01-y02
DEBUG - Building diagonal cov matrix for /REF/ATLAS_2022_I2037744/d24-x01-y02
DEBUG - Skipping Scatter3D /REF/ATLAS_2022_I2037744/d240-x01-y01
DEBUG - Skipping Scatter3D /REF/ATLAS_2022_I2037744/d241-x01-y01
DEBUG - Skipping Scatter3D /REF/ATLAS_2022_I2037744/d242-x01-y01
DEBUG - Skipping Scatter3D /REF/ATLAS_2022_I2037744/d243-x01-y01
DEBUG - Skipping Scatter3D /REF/ATLAS_2022_I2037744/d244-x01-y01
DEBUG - Skipping Scatter3D /REF/ATLAS_2022_I2037744/d245-x01-y01
DEBUG - Skipping Scatter3D /REF/ATLAS_2022_I2037744/d246-x01-y01
DEBUG - Skipping Scatter3D /REF/ATLAS_2022_I2037744/d247-x01-y01
DEBUG - Skipping Scatter3D /REF/ATLAS_2022_I2037744/d248-x01-y01
DEBUG - Skipping Scatter3D /REF/ATLAS_2022_I2037744/d249-x01-y01
DEBUG - AO TYPE IS Estimate1D
DEBUG - reading covariance matrix /REF/ATLAS_2022_I2037744/d28-x01-y01
DEBUG - Loading /REF/ATLAS_2022_I2037744/d27-x01-y01
DEBUG - AO TYPE IS Estimate1D
DEBUG - Loading /REF/ATLAS_2022_I2037744/d27-x01-y02
DEBUG - Building diagonal cov matrix for /REF/ATLAS_2022_I2037744/d27-x01-y02
DEBUG - Skipping Scatter3D /REF/ATLAS_2022_I2037744/d270-x01-y01
DEBUG - Skipping Scatter3D /REF/ATLAS_2022_I2037744/d271-x01-y01
DEBUG - Skipping Scatter3D /REF/ATLAS_2022_I2037744/d272-x01-y01
DEBUG - Skipping Scatter3D /REF/ATLAS_2022_I2037744/d273-x01-y01
DEBUG - Skipping Scatter3D /REF/ATLAS_2022_I2037744/d274-x01-y01
DEBUG - Skipping Scatter3D /REF/ATLAS_2022_I2037744/d275-x01-y01
DEBUG - AO TYPE IS Estimate1D
DEBUG - reading covariance matrix /REF/ATLAS_2022_I2037744/d31-x01-y01
DEBUG - Loading /REF/ATLAS_2022_I2037744/d30-x01-y01
DEBUG - AO TYPE IS Estimate1D
DEBUG - Loading /REF/ATLAS_2022_I2037744/d30-x01-y02
DEBUG - Building diagonal cov matrix for /REF/ATLAS_2022_I2037744/d30-x01-y02
DEBUG - AO TYPE IS Estimate1D
DEBUG - reading covariance matrix /REF/ATLAS_2022_I2037744/d34-x01-y01
DEBUG - Loading /REF/ATLAS_2022_I2037744/d33-x01-y01
DEBUG - AO TYPE IS Estimate1D
DEBUG - Loading /REF/ATLAS_2022_I2037744/d33-x01-y02
DEBUG - Building diagonal cov matrix for /REF/ATLAS_2022_I2037744/d33-x01-y02
DEBUG - AO TYPE IS BinnedEstimate<s>
DEBUG - reading covariance matrix /REF/ATLAS_2022_I2037744/d37-x01-y01
DEBUG - Loading /REF/ATLAS_2022_I2037744/d36-x01-y01
DEBUG - AO TYPE IS BinnedEstimate<s>
DEBUG - Loading /REF/ATLAS_2022_I2037744/d36-x01-y02
DEBUG - Building diagonal cov matrix for /REF/ATLAS_2022_I2037744/d36-x01-y02
DEBUG - AO TYPE IS Estimate1D
DEBUG - reading covariance matrix /REF/ATLAS_2022_I2037744/d40-x01-y01
DEBUG - Loading /REF/ATLAS_2022_I2037744/d39-x01-y01
DEBUG - AO TYPE IS Estimate1D
DEBUG - Loading /REF/ATLAS_2022_I2037744/d39-x01-y02
DEBUG - Building diagonal cov matrix for /REF/ATLAS_2022_I2037744/d39-x01-y02
DEBUG - AO TYPE IS Estimate1D
DEBUG - reading covariance matrix /REF/ATLAS_2022_I2037744/d43-x01-y01
DEBUG - Loading /REF/ATLAS_2022_I2037744/d42-x01-y01
DEBUG - AO TYPE IS Estimate1D
DEBUG - Loading /REF/ATLAS_2022_I2037744/d42-x01-y02
DEBUG - Building diagonal cov matrix for /REF/ATLAS_2022_I2037744/d42-x01-y02
DEBUG - AO TYPE IS Estimate1D
DEBUG - reading covariance matrix /REF/ATLAS_2022_I2037744/d46-x01-y01
DEBUG - Loading /REF/ATLAS_2022_I2037744/d45-x01-y01
DEBUG - AO TYPE IS Estimate1D
DEBUG - Loading /REF/ATLAS_2022_I2037744/d45-x01-y02
DEBUG - Building diagonal cov matrix for /REF/ATLAS_2022_I2037744/d45-x01-y02
DEBUG - AO TYPE IS Estimate1D
DEBUG - reading covariance matrix /REF/ATLAS_2022_I2037744/d49-x01-y01
DEBUG - Loading /REF/ATLAS_2022_I2037744/d48-x01-y01
DEBUG - AO TYPE IS Estimate1D
DEBUG - Loading /REF/ATLAS_2022_I2037744/d48-x01-y02
DEBUG - Building diagonal cov matrix for /REF/ATLAS_2022_I2037744/d48-x01-y02
DEBUG - AO TYPE IS Estimate1D
DEBUG - reading covariance matrix /REF/ATLAS_2022_I2037744/d52-x01-y01
DEBUG - Loading /REF/ATLAS_2022_I2037744/d51-x01-y01
DEBUG - AO TYPE IS Estimate1D
DEBUG - Loading /REF/ATLAS_2022_I2037744/d51-x01-y02
DEBUG - Building diagonal cov matrix for /REF/ATLAS_2022_I2037744/d51-x01-y02
DEBUG - AO TYPE IS Estimate1D
DEBUG - reading covariance matrix /REF/ATLAS_2022_I2037744/d55-x01-y01
DEBUG - Loading /REF/ATLAS_2022_I2037744/d54-x01-y01
DEBUG - AO TYPE IS Estimate1D
DEBUG - Loading /REF/ATLAS_2022_I2037744/d54-x01-y02
DEBUG - Building diagonal cov matrix for /REF/ATLAS_2022_I2037744/d54-x01-y02
DEBUG - Reading theory from /home/lessa/SMStoEFT/contur/data/Theory/ATLAS_2022_I2037744-Theory.yoda
DEBUG - /THY/ATLAS_2022_I2037744/d03-x01-y01 is of type Scatter2D. No breakdown
DEBUG - Loading /THY/ATLAS_2022_I2037744/d03-x01-y01
DEBUG - /THY/ATLAS_2022_I2037744/d06-x01-y01 is of type Scatter2D. No breakdown
DEBUG - Loading /THY/ATLAS_2022_I2037744/d06-x01-y01
DEBUG - /THY/ATLAS_2022_I2037744/d09-x01-y01 is of type Scatter2D. No breakdown
DEBUG - Loading /THY/ATLAS_2022_I2037744/d09-x01-y01
DEBUG - /THY/ATLAS_2022_I2037744/d12-x01-y01 is of type Scatter2D. No breakdown
DEBUG - Loading /THY/ATLAS_2022_I2037744/d12-x01-y01
DEBUG - /THY/ATLAS_2022_I2037744/d15-x01-y01 is of type Scatter2D. No breakdown
DEBUG - Loading /THY/ATLAS_2022_I2037744/d15-x01-y01
DEBUG - /THY/ATLAS_2022_I2037744/d18-x01-y01 is of type Scatter2D. No breakdown
DEBUG - Loading /THY/ATLAS_2022_I2037744/d18-x01-y01
DEBUG - /THY/ATLAS_2022_I2037744/d21-x01-y01 is of type Scatter2D. No breakdown
DEBUG - Loading /THY/ATLAS_2022_I2037744/d21-x01-y01
DEBUG - /THY/ATLAS_2022_I2037744/d24-x01-y01 is of type Scatter2D. No breakdown
DEBUG - Loading /THY/ATLAS_2022_I2037744/d24-x01-y01
DEBUG - /THY/ATLAS_2022_I2037744/d27-x01-y01 is of type Scatter2D. No breakdown
DEBUG - Loading /THY/ATLAS_2022_I2037744/d27-x01-y01
DEBUG - /THY/ATLAS_2022_I2037744/d30-x01-y01 is of type Scatter2D. No breakdown
DEBUG - Loading /THY/ATLAS_2022_I2037744/d30-x01-y01
DEBUG - /THY/ATLAS_2022_I2037744/d33-x01-y01 is of type Scatter2D. No breakdown
DEBUG - Loading /THY/ATLAS_2022_I2037744/d33-x01-y01
DEBUG - /THY/ATLAS_2022_I2037744/d36-x01-y01 is of type Scatter2D. No breakdown
DEBUG - Loading /THY/ATLAS_2022_I2037744/d36-x01-y01
DEBUG - /THY/ATLAS_2022_I2037744/d39-x01-y01 is of type Scatter2D. No breakdown
DEBUG - Loading /THY/ATLAS_2022_I2037744/d39-x01-y01
DEBUG - /THY/ATLAS_2022_I2037744/d42-x01-y01 is of type Scatter2D. No breakdown
DEBUG - Loading /THY/ATLAS_2022_I2037744/d42-x01-y01
DEBUG - /THY/ATLAS_2022_I2037744/d45-x01-y01 is of type Scatter2D. No breakdown
DEBUG - Loading /THY/ATLAS_2022_I2037744/d45-x01-y01
DEBUG - /THY/ATLAS_2022_I2037744/d48-x01-y01 is of type Scatter2D. No breakdown
DEBUG - Loading /THY/ATLAS_2022_I2037744/d48-x01-y01
DEBUG - /THY/ATLAS_2022_I2037744/d51-x01-y01 is of type Scatter2D. No breakdown
DEBUG - Loading /THY/ATLAS_2022_I2037744/d51-x01-y01
DEBUG - /THY/ATLAS_2022_I2037744/d54-x01-y01 is of type Scatter2D. No breakdown
DEBUG - Loading /THY/ATLAS_2022_I2037744/d54-x01-y01
DEBUG - Attempting to use correlation info for /ATLAS_2022_I2037744/d03-x01-y01
DEBUG - Using theory for /THY/ATLAS_2022_I2037744/d03-x01-y01
DEBUG - Adding expected signal stat errors for /ATLAS_2022_I2037744/d03-x01-y01. Evtc=False,  Lumi=139000.0, replace=False
DEBUG - Before: VALUES [7.11288462e-07 1.72211154e-06 1.71594397e-06 1.18480085e-06
 6.48651071e-07 2.41585517e-07 1.15588276e-07 7.22221478e-10] :
 UNCERTAINTIES [[4.34637508e-07 4.34637508e-07]
 [3.72807816e-07 3.72807816e-07]
 [1.64126285e-07 1.64126285e-07]
 [1.14969925e-07 1.14969925e-07]
 [6.10558320e-08 6.10558320e-08]
 [5.58393478e-08 5.58393478e-08]
 [1.59859713e-08 1.59859713e-08]
 [5.52376905e-10 5.52376905e-10]]
DEBUG - After: VALUES [7.11288462e-07 1.72211154e-06 1.71594397e-06 1.18480085e-06
 6.48651071e-07 2.41585517e-07 1.15588276e-07 7.22221478e-10] :
 UNCERTAINTIES [[6.21067227e-07 6.21067227e-07]
 [6.75766093e-07 6.75766093e-07]
 [4.89674276e-07 4.89674276e-07]
 [3.65062816e-07 3.65062816e-07]
 [2.43479023e-07 2.43479023e-07]
 [1.51971494e-07 1.51971494e-07]
 [8.61641516e-08 8.61641516e-08]
 [6.20525704e-09 6.20525704e-09]]
DEBUG - not using theory correlations
DEBUG - USING SINGLE BIN METHOD=False
DEBUG - sig and bg for /ATLAS_2022_I2037744/d03-x01-y01 signal: [7.11288462e-07 1.72211154e-06 1.71594397e-06 1.18480085e-06
 6.48651071e-07 2.41585517e-07 1.15588276e-07 7.22221478e-10] bg: [1.129501e-02 8.518551e-03 5.196489e-03 2.585358e-03 1.099220e-03
 4.466096e-04 1.558704e-04 7.694208e-06]
DEBUG - sig and bg for /ATLAS_2022_I2037744/d03-x01-y01 signal: [7.11288462e-07 1.72211154e-06 1.71594397e-06 1.18480085e-06
 6.48651071e-07 2.41585517e-07 1.15588276e-07 7.22221478e-10] bg: [1.279688e-02 9.729670e-03 6.077057e-03 3.098760e-03 1.362147e-03
 5.439250e-04 1.954953e-04 9.935645e-06]
DEBUG - sig and bg for /ATLAS_2022_I2037744/d03-x01-y01 signal: [7.11288462e-07 1.72211154e-06 1.71594397e-06 1.18480085e-06
 6.48651071e-07 2.41585517e-07 1.15588276e-07 7.22221478e-10] bg: [1.279688e-02 9.729670e-03 6.077057e-03 3.098760e-03 1.362147e-03
 5.439250e-04 1.954953e-04 9.935645e-06]
DEBUG - sig and bg for /ATLAS_2022_I2037744/d03-x01-y01 signal: [7.11288462e-07 1.72211154e-06 1.71594397e-06 1.18480085e-06
 6.48651071e-07 2.41585517e-07 1.15588276e-07 7.22221478e-10] bg: [1.279688e-02 9.729670e-03 6.077057e-03 3.098760e-03 1.362147e-03
 5.439250e-04 1.954953e-04 9.935645e-06]
DEBUG - Processed measurement /ATLAS_2022_I2037744/d03-x01-y01
DEBUG - pval sb = 0.46580658212310877, pval b = 0.5
DEBUG - CLs 6.838684e-02, log pval sb -7.639848e-01, log pval b -6.931472e-01:
DEBUG - Reporting CLs 0.068387, pval 0.931613, p_sb 0.465807, p_b 0.500000, ts_s_b 0.007364, ts_b 0.000000:
DEBUG - pval sb = 0.027419068867856642, pval b = 0.027641337239644834
DEBUG - CLs 8.041158e-03, log pval sb -3.596517e+00, log pval b -3.588443e+00:
DEBUG - Reporting CLs 0.008041, pval 0.991959, p_sb 0.027419, p_b 0.027641, ts_s_b 3.687001, ts_b 3.673539:
DEBUG - pval sb = 0.4984089309039728, pval b = 0.5
DEBUG - CLs 3.182138e-03, log pval sb -6.963344e-01, log pval b -6.931472e-01:
DEBUG - Reporting CLs 0.003182, pval 0.996818, p_sb 0.498409, p_b 0.500000, ts_s_b 0.000016, ts_b 0.000000:
DEBUG - pval sb = 0.4926087384445333, pval b = 0.5
DEBUG - CLs 1.478252e-02, log pval sb -7.080401e-01, log pval b -6.931472e-01:
DEBUG - Reporting CLs 0.014783, pval 0.985217, p_sb 0.492609, p_b 0.500000, ts_s_b 0.000343, ts_b 0.000000:
DEBUG - block CLs: {'DATABG': 0.06838683575378246, 'SMBG': 0.00804115842374653, 'EXP': 0.0031821381920542624, 'HLEXP': 0.014782523110933421}, getCLs(DATABG)= 0.06838683575378246, 
DEBUG - Adding Likelihood from ATLAS_13_LMETJET/ATLAS_2022_I2037744/d03-x01-y01, Test stat values:0.0073642828694567165 (DATABG); 3.6870008822450044 (SMBG); 1.5905973394039005e-05 (EXP); 0.00034329438979940294 (HLEXP);  to CombinedLikelihood from Combined blocks, ts=0.0073642828694567165 with stat type DATABG , using DATABG.
DEBUG - CLs 6.838684e-02, log pval sb -7.639848e-01, log pval b -6.931472e-01:
INFO - Added yodafile with reported DATABG exclusion of: 0.06838683575378246 
DEBUG - block CLs: {'DATABG': 0.06838683575378246, 'SMBG': 0.00804115842374653, 'EXP': 0.0031821381920542624, 'HLEXP': 0.014782523110933421}, getCLs(SMBG)= 0.00804115842374653, 
DEBUG - Adding Likelihood from ATLAS_13_LMETJET/ATLAS_2022_I2037744/d03-x01-y01, Test stat values:0.0073642828694567165 (DATABG); 3.6870008822450044 (SMBG); 1.5905973394039005e-05 (EXP); 0.00034329438979940294 (HLEXP);  to CombinedLikelihood from Combined blocks, ts=3.6870008822450044 with stat type SMBG , using SMBG.
DEBUG - CLs 8.041158e-03, log pval sb -3.596517e+00, log pval b -3.588443e+00:
INFO - Added yodafile with reported SMBG exclusion of: 0.00804115842374653 
DEBUG - block CLs: {'DATABG': 0.06838683575378246, 'SMBG': 0.00804115842374653, 'EXP': 0.0031821381920542624, 'HLEXP': 0.014782523110933421}, getCLs(EXP)= 0.0031821381920542624, 
DEBUG - Adding Likelihood from ATLAS_13_LMETJET/ATLAS_2022_I2037744/d03-x01-y01, Test stat values:0.0073642828694567165 (DATABG); 3.6870008822450044 (SMBG); 1.5905973394039005e-05 (EXP); 0.00034329438979940294 (HLEXP);  to CombinedLikelihood from Combined blocks, ts=1.5905973394039005e-05 with stat type EXP , using EXP.
DEBUG - CLs 3.182138e-03, log pval sb -6.963344e-01, log pval b -6.931472e-01:
INFO - Added yodafile with reported EXP exclusion of: 0.0031821381920543734 
DEBUG - block CLs: {'DATABG': 0.06838683575378246, 'SMBG': 0.00804115842374653, 'EXP': 0.0031821381920542624, 'HLEXP': 0.014782523110933421}, getCLs(HLEXP)= 0.014782523110933421, 
DEBUG - Adding Likelihood from ATLAS_13_LMETJET/ATLAS_2022_I2037744/d03-x01-y01, Test stat values:0.0073642828694567165 (DATABG); 3.6870008822450044 (SMBG); 1.5905973394039005e-05 (EXP); 0.00034329438979940294 (HLEXP);  to CombinedLikelihood from Combined blocks, ts=0.00034329438979940294 with stat type HLEXP , using HLEXP.
DEBUG - CLs 1.478252e-02, log pval sb -7.080401e-01, log pval b -6.931472e-01:
INFO - Added yodafile with reported HLEXP exclusion of: 0.014782523110933532 
DEBUG - adding point LikelihoodPoint with 1 blocks, holding {'DATABG': CombinedLikelihood from Combined blocks, ts=0.0073642828694567165 with stat type DATABG , 'SMBG': CombinedLikelihood from Combined blocks, ts=3.6870008822450044 with stat type SMBG , 'EXP': CombinedLikelihood from Combined blocks, ts=1.5905973394039005e-05 with stat type EXP , 'HLEXP': CombinedLikelihood from Combined blocks, ts=0.00034329438979940294 with stat type HLEXP }
INFO - Run Information 
Contur is running in /home/lessa/SMStoEFT 
on analysis objects in ['processFolders/formFactors_interference_500_400_pythia8_events_single.yoda'] 
Theory uncertainties assumed uncorrelated. 

Parameter values not known for this run.
WARNING - No matching model found for the model in /home/lessa/SMStoEFT/RunInfo
WARNING - If you want this to be added, copy the sources files into the contur Models area.
WARNING - Could not find contur_batch.log. Assuming default number of events 30000.
INFO - Writing summary for grid mode into database: /home/lessa/SMStoEFT/ANALYSIS/contur_run.db
