# This file was automatically created by FeynRules 2.4.91
# Mathematica version: 14.1.0 for Linux x86 (64-bit) (July 16, 2024)
# Date: Tue 25 Mar 2025 15:31:17


# 
# This is the logfile for the model SMS-stop

# Authors: Andre Lessa
# Model version: 1.0
# Checking the Quantum numbers
   * Electric charge defined.
# Checking the Lagrangians
   * All Lagrangians are ok.
#
# Particle definitions
#

   * No particles removed. All particles correspond to GenInt setup.

# Automatically assigned PDG numbers
   * Assigned PDG number 9000001 to particle ghA
   * Assigned PDG number 9000002 to particle ghZ
   * Assigned PDG number 9000003 to particle ghWp
   * Assigned PDG number 9000004 to particle ghWm


# Compulsory PDG codes:
   * Class SM leptons complete.
   * Class SM neutrinos complete.
   * Class SM quarks complete.
   * Class SM gauge bosons complete.
#
# Parameter definitions
#

   * Parameter deltaCTL has no value. Default value 1 assigned.
   * Parameter deltaCTR has no value. Default value 1 assigned.
   * Parameter deltaCT2L is complex, but declared as real. Changing type to complex.
   * Parameter deltaCT2R is complex, but declared as real. Changing type to complex.


# Vertices
   * Calling FeynmanRules for 1 Lagrangians.
   * Number of classes vertices: 112
   * Number of flavored vertices: 152
   * Saved vertices in InterfaceRun[ 1 ].
   * Checked QNumber conservation.
      - Quantum number GhostNumber conserved in all vertices.
      - Quantum number LeptonNumber conserved in all vertices.
      - Quantum number Q conserved in all vertices.
      - Quantum number Y conserved in all vertices.
   * particles.py written.
   * parameters.py written.
#
# Vertex definitions
#

   * 143 vertices written.
   * vertices.py written.
#
# Lorentz structure definitions
#

   * 46 lorentz structures written.
   * lorentz.py written.
#
# Coupling definitions
#

   * 94 couplings written.
   * couplings.py written.
#
# Coupling order definitions
#

   * 0 couplings orders written.
   * coupling_orders.py written.
#
# Decay definitions
#

   * 8 decays written.
   * decay.py not written
#
# CTCoupling definitions
#

   * 154 CTcouplings written.
   * CT_couplings.py written.
#
# CTVertex definitions
#

   * 41 CTvertices written.
   * CT_vertices.py written.
