# This file was automatically created by FeynRules 2.3.49
# Mathematica version: 12.1.0 for Linux x86 (64-bit) (March 18, 2020)
# Date: Fri 25 Aug 2023 20:27:15


# 
# This is the logfile for the model Top-FormFactors

# Authors: Andre Lessa
# Model version: 1.0
# Checking the Quantum numbers
   * Electric charge defined.
# Checking the Lagrangians
   * All Lagrangians are ok.
#
# Particle definitions
#

   * No particles removed. All particles correspond to GenInt setup.

# Automatically assigned PDG numbers
   * Assigned PDG number 9000001 to particle ghA
   * Assigned PDG number 9000002 to particle ghZ
   * Assigned PDG number 9000003 to particle ghWp
   * Assigned PDG number 9000004 to particle ghWm


# Compulsory PDG codes:
   * Class SM leptons complete.
   * Class SM neutrinos complete.
   * Class SM quarks complete.
   * Class SM gauge bosons complete.
#
# Parameter definitions
#

   * Parameter deltaCT1L has no value. Default value 1 assigned.
   * Parameter deltaCT1R has no value. Default value 1 assigned.
   * Parameter deltaCTL has no value. Default value 1 assigned.
   * Parameter deltaCTR has no value. Default value 1 assigned.
   * Parameter deltaCT2L is complex, but declared as real. Changing type to complex.
   * Parameter deltaCT2R is complex, but declared as real. Changing type to complex.


# Vertices
   * Calling FeynmanRules for 1 Lagrangians.
   * Number of classes vertices: 116
   * Number of flavored vertices: 139
   * Saved vertices in InterfaceRun[ 1 ].
   * Checked QNumber conservation.
      - Quantum number GhostNumber conserved in all vertices.
      - Quantum number LeptonNumber conserved in all vertices.
      - Quantum number Q conserved in all vertices.
      - Quantum number Y conserved in all vertices.
   * particles.py written.
   * parameters.py written.
#
# Vertex definitions
#

   * 139 vertices written.
   * vertices.py written.
#
# Lorentz structure definitions
#

   * 39 lorentz structures written.
   * lorentz.py written.
#
# Coupling definitions
#

   * 99 couplings written.
   * couplings.py written.
#
# Coupling order definitions
#

   * 0 couplings orders written.
   * coupling_orders.py written.
#
# Decay definitions
#

   * 8 decays written.
   * decay.py not written
#
# CTCoupling definitions
#

   * 0 CTcouplings written.
   * CT_couplings.py written.
