# This file was automatically created by FeynRules 2.4.91
# Mathematica version: 14.1.0 for Linux x86 (64-bit) (July 16, 2024)
# Date: Mon 31 Mar 2025 14:55:20


# 
# This is the logfile for the model Standard Model

# Authors: N. Christensen, C. Duhr, B. Fuks
# Model version: 1.4.7
# Checking the Quantum numbers
   * Electric charge defined.
# Checking the Lagrangians
   * All Lagrangians are ok.
#
# Particle definitions
#

   * No particles removed. All particles correspond to GenInt setup.

# Automatically assigned PDG numbers
   * Assigned PDG number 9000001 to particle ghA
   * Assigned PDG number 9000002 to particle ghZ
   * Assigned PDG number 9000003 to particle ghWp
   * Assigned PDG number 9000004 to particle ghWm


# Compulsory PDG codes:
   * Class SM leptons complete.
   * Class SM neutrinos complete.
   * Class SM quarks complete.
   * Class SM gauge bosons complete.
#
# Parameter definitions
#

   * All parameters are ok.


# Vertices
   * Calling FeynmanRules for 1 Lagrangians.
   * Number of classes vertices: 44
   * Number of flavored vertices: 76
   * Saved vertices in InterfaceRun[ 1 ].
   * Checked QNumber conservation.
      - Quantum number GhostNumber conserved in all vertices.
      - Quantum number LeptonNumber conserved in all vertices.
      - Quantum number Q conserved in all vertices.
      - Quantum number Y conserved in all vertices.
   * particles.py written.
   * parameters.py written.
#
# Vertex definitions
#

   * 69 vertices written.
   * vertices.py written.
#
# Lorentz structure definitions
#

   * 32 lorentz structures written.
   * lorentz.py written.
#
# Coupling definitions
#

   * 45 couplings written.
   * couplings.py written.
#
# Coupling order definitions
#

   * 0 couplings orders written.
   * coupling_orders.py written.
#
# Decay definitions
#

   * 6 decays written.
   * decay.py not written
#
# CTCoupling definitions
#

   * 94 CTcouplings written.
   * CT_couplings.py written.
#
# CTVertex definitions
#

   * 30 CTvertices written.
   * CT_vertices.py written.
