# This file was automatically created by FeynRules 2.3.49
# Mathematica version: 14.1.0 for Linux x86 (64-bit) (July 16, 2024)
# Date: Mon 5 May 2025 14:35:50


# 
# This is the logfile for the model Top-EFTfull

# Authors: Andre Lessa
# Model version: 1.0
# Checking the Quantum numbers
   * Electric charge defined.
# Checking the Lagrangians
   * All Lagrangians are ok.
#
# Particle definitions
#

   * No particles removed. All particles correspond to GenInt setup.

# Automatically assigned PDG numbers
   * Assigned PDG number 9000001 to particle ghA
   * Assigned PDG number 9000002 to particle ghZ
   * Assigned PDG number 9000003 to particle ghWp
   * Assigned PDG number 9000004 to particle ghWm


# Compulsory PDG codes:
   * Class SM leptons complete.
   * Class SM neutrinos complete.
   * Class SM quarks complete.
   * Class SM gauge bosons complete.
#
# Parameter definitions
#

   * Parameter cuuc has no value. Default value 1 assigned.
   * Parameter cqu8b has no value. Default value 1 assigned.
   * Parameter cud8b has no value. Default value 1 assigned.
   * Parameter cuub has no value. Default value 1 assigned.
   * Parameter cHq1 has no value. Default value 1 assigned.
   * Parameter cHq3 has no value. Default value 1 assigned.
   * Parameter cuH has no value. Default value 1 assigned.
   * Parameter cuG has no value. Default value 1 assigned.

