# This file was automatically created by FeynRules 2.3.49
# Mathematica version: 12.1.0 for Linux x86 (64-bit) (March 18, 2020)
# Date: Tue 16 May 2023 14:58:59


# 
# This is the logfile for the model SMS-stop

# Authors: Andre Lessa
# Model version: 1.0
# Checking the Quantum numbers
   * Electric charge defined.
# Checking the Lagrangians
   * All Lagrangians are ok.
#
# Particle definitions
#

   * No particles removed. All particles correspond to GenInt setup.



# Compulsory PDG codes:
   * Class SM leptons incomplete. 11, 13, 15 missing.
   * Class SM neutrinos incomplete. 12, 14, 16 missing.
   * Class SM quarks complete.
   * Class SM gauge bosons incomplete. 22, 23, 24 missing.
#
# Parameter definitions
#

   * All parameters are ok.


# Vertices
   * Calling FeynmanRules for 1 Lagrangians.
   * Number of classes vertices: 22
   * Number of flavored vertices: 22
   * Saved vertices in InterfaceRun[ 1 ].
   * Checked QNumber conservation.
      - Quantum number GhostNumber conserved in all vertices.
      - Quantum number Q conserved in all vertices.
   * particles.py written.
   * parameters.py written.
#
# Vertex definitions
#

   * 13 vertices written.
   * vertices.py written.
#
# Lorentz structure definitions
#

   * 32 lorentz structures written.
   * lorentz.py written.
#
# Coupling definitions
#

   * 5 couplings written.
   * couplings.py written.
#
# Coupling order definitions
#

   * 0 couplings orders written.
   * coupling_orders.py written.
#
# Decay definitions
#

   * 3 decays written.
   * decay.py not written
#
# CTCoupling definitions
#

   * 151 CTcouplings written.
   * CT_couplings.py written.
#
# CTVertex definitions
#

   * 41 CTvertices written.
   * CT_vertices.py written.
